#-----------------------------------------------------------
# Vivado v2016.3 (64-bit)
# SW Build 1682563 on Mon Oct 10 19:07:27 MDT 2016
# IP Build 1681267 on Mon Oct 10 21:28:31 MDT 2016
# Start of session at: Sun Apr 23 20:14:30 2017
# Process ID: 13300
# Current directory: C:/Users/User/Desktop/Project2
# Command line: vivado.exe -gui_launcher_event rodinguilauncherevent10360 C:\Users\User\Desktop\Project2\Project2.xpr
# Log file: C:/Users/User/Desktop/Project2/vivado.log
# Journal file: C:/Users/User/Desktop/Project2\vivado.jou
#-----------------------------------------------------------
start_gui
open_project C:/Users/User/Desktop/Project2/Project2.xpr
Scanning sources...
Finished scanning sources
WARNING: [filemgmt 56-3] IP Output Repository Path: Could not find the directory 'C:/Users/User/Desktop/Project2/Project2.cache/ip'.
INFO: [IP_Flow 19-234] Refreshing IP repositories
INFO: [IP_Flow 19-1704] No user IP repositories specified
INFO: [IP_Flow 19-2313] Loaded Vivado IP repository 'C:/ProgramFiles/Vivado/2016.3/data/ip'.
open_project: Time (s): cpu = 00:00:10 ; elapsed = 00:00:06 . Memory (MB): peak = 737.871 ; gain = 95.391
archive_project C:/Users/User/Desktop/Project2.xpr.zip -temp_dir C:/Users/User/Desktop/Project2/.Xil/Vivado-13300-LAPTOP-RGABIE0L -force -exclude_run_results
INFO: [Coretcl 2-137] starting archive...
INFO: [Coretcl 2-1499] Saving project copy to temporary location 'C:/Users/User/Desktop/Project2/.Xil/Vivado-13300-LAPTOP-RGABIE0L' for archiving project
Scanning sources...
Finished scanning sources
WARNING: [filemgmt 56-3] IP Output Repository Path: Could not find the directory 'C:/Users/User/Desktop/Project2/Project2.cache/ip'.
INFO: [Coretcl 2-1211] Creating project copy for archival...
INFO: [Coretcl 2-135] resetting runs for excluding generated files from archive...
INFO: [Coretcl 2-133] re-setting run 'synth_1'...
INFO: [Coretcl 2-133] re-setting run 'impl_1'...
INFO: [Coretcl 2-1212] Importing remotely added design sources and verilog include files (if any)...
INFO: [filemgmt 20-334] All file(s) are already imported in fileset: 'sim_1'
INFO: [filemgmt 20-348] Importing the appropriate files for fileset: 'sim_1'
INFO: [filemgmt 20-348] Importing the appropriate files for fileset: 'sources_1'
